Started GET "/" for ::1 at 2022-08-11 18:50:30 -0300
  
ActiveRecord::ConnectionNotEstablished (connection to server on socket "/var/run/postgresql/.s.PGSQL.5432" failed: FATAL:  role "raio" does not exist
):
  
activerecord (7.0.3.1) lib/active_record/connection_adapters/postgresql_adapter.rb:87:in `rescue in new_client'
activerecord (7.0.3.1) lib/active_record/connection_adapters/postgresql_adapter.rb:77:in `new_client'
activerecord (7.0.3.1) lib/active_record/connection_adapters/postgresql_adapter.rb:37:in `postgresql_connection'
activerecord (7.0.3.1) lib/active_record/connection_adapters/abstract/connection_pool.rb:656:in `public_send'
activerecord (7.0.3.1) lib/active_record/connection_adapters/abstract/connection_pool.rb:656:in `new_connection'
activerecord (7.0.3.1) lib/active_record/connection_adapters/abstract/connection_pool.rb:700:in `checkout_new_connection'
activerecord (7.0.3.1) lib/active_record/connection_adapters/abstract/connection_pool.rb:679:in `try_to_checkout_new_connection'
activerecord (7.0.3.1) lib/active_record/connection_adapters/abstract/connection_pool.rb:640:in `acquire_connection'
activerecord (7.0.3.1) lib/active_record/connection_adapters/abstract/connection_pool.rb:341:in `checkout'
activerecord (7.0.3.1) lib/active_record/connection_adapters/abstract/connection_pool.rb:181:in `connection'
activerecord (7.0.3.1) lib/active_record/connection_adapters/abstract/connection_handler.rb:211:in `retrieve_connection'
activerecord (7.0.3.1) lib/active_record/connection_handling.rb:313:in `retrieve_connection'
activerecord (7.0.3.1) lib/active_record/connection_handling.rb:280:in `connection'
activerecord (7.0.3.1) lib/active_record/migration.rb:613:in `connection'
activerecord (7.0.3.1) lib/active_record/migration.rb:608:in `build_watcher'
activerecord (7.0.3.1) lib/active_record/migration.rb:590:in `block in call'
activerecord (7.0.3.1) lib/active_record/migration.rb:589:in `synchronize'
activerecord (7.0.3.1) lib/active_record/migration.rb:589:in `call'
actionpack (7.0.3.1) lib/action_dispatch/middleware/callbacks.rb:27:in `block in call'
activesupport (7.0.3.1) lib/active_support/callbacks.rb:99:in `run_callbacks'
actionpack (7.0.3.1) lib/action_dispatch/middleware/callbacks.rb:26:in `call'
actionpack (7.0.3.1) lib/action_dispatch/middleware/executor.rb:14:in `call'
actionpack (7.0.3.1) lib/action_dispatch/middleware/actionable_exceptions.rb:17:in `call'
actionpack (7.0.3.1) lib/action_dispatch/middleware/debug_exceptions.rb:28:in `call'
web-console (4.2.0) lib/web_console/middleware.rb:132:in `call_app'
web-console (4.2.0) lib/web_console/middleware.rb:28:in `block in call'
web-console (4.2.0) lib/web_console/middleware.rb:17:in `catch'
web-console (4.2.0) lib/web_console/middleware.rb:17:in `call'
actionpack (7.0.3.1) lib/action_dispatch/middleware/show_exceptions.rb:26:in `call'
railties (7.0.3.1) lib/rails/rack/logger.rb:40:in `call_app'
railties (7.0.3.1) lib/rails/rack/logger.rb:25:in `block in call'
activesupport (7.0.3.1) lib/active_support/tagged_logging.rb:114:in `block in tagged'
activesupport (7.0.3.1) lib/active_support/tagged_logging.rb:38:in `tagged'
activesupport (7.0.3.1) lib/active_support/tagged_logging.rb:114:in `tagged'
railties (7.0.3.1) lib/rails/rack/logger.rb:25:in `call'
sprockets-rails (3.4.2) lib/sprockets/rails/quiet_assets.rb:13:in `call'
actionpack (7.0.3.1) lib/action_dispatch/middleware/remote_ip.rb:93:in `call'
actionpack (7.0.3.1) lib/action_dispatch/middleware/request_id.rb:26:in `call'
rack (2.2.4) lib/rack/method_override.rb:24:in `call'
rack (2.2.4) lib/rack/runtime.rb:22:in `call'
activesupport (7.0.3.1) lib/active_support/cache/strategy/local_cache_middleware.rb:29:in `call'
actionpack (7.0.3.1) lib/action_dispatch/middleware/server_timing.rb:20:in `call'
actionpack (7.0.3.1) lib/action_dispatch/middleware/executor.rb:14:in `call'
actionpack (7.0.3.1) lib/action_dispatch/middleware/static.rb:23:in `call'
rack (2.2.4) lib/rack/sendfile.rb:110:in `call'
actionpack (7.0.3.1) lib/action_dispatch/middleware/host_authorization.rb:137:in `call'
railties (7.0.3.1) lib/rails/engine.rb:530:in `call'
puma (5.6.4) lib/puma/configuration.rb:252:in `call'
puma (5.6.4) lib/puma/request.rb:77:in `block in handle_request'
puma (5.6.4) lib/puma/thread_pool.rb:340:in `with_force_shutdown'
puma (5.6.4) lib/puma/request.rb:76:in `handle_request'
puma (5.6.4) lib/puma/server.rb:441:in `process_client'
puma (5.6.4) lib/puma/thread_pool.rb:147:in `block in spawn_thread'
  [1m[35m (0.4ms)[0m  [1m[35mCREATE DATABASE "lista_contatos_development" ENCODING = 'unicode'[0m
  [1m[35m (0.4ms)[0m  [1m[35mCREATE DATABASE "lista_contatos_development" ENCODING = 'unicode'[0m
  [1m[35m (0.4ms)[0m  [1m[35mCREATE DATABASE "lista_contatos_development" ENCODING = 'unicode'[0m
  [1m[35m (0.3ms)[0m  [1m[35mCREATE DATABASE "lista_contatos_development" ENCODING = 'unicode'[0m
  [1m[35m (0.4ms)[0m  [1m[35mCREATE DATABASE "lista_contatos_development" ENCODING = 'unicode'[0m
  [1m[35m (928.4ms)[0m  [1m[35mCREATE DATABASE "lista_contatos_development" ENCODING = 'unicode'[0m
  [1m[35m (890.4ms)[0m  [1m[35mCREATE DATABASE "lista_contatos_test" ENCODING = 'unicode'[0m
Started GET "/" for ::1 at 2022-08-11 19:20:20 -0300
Processing by Rails::WelcomeController#index as HTML
  Rendering /usr/share/rvm/gems/ruby-3.1.2/gems/railties-7.0.3.1/lib/rails/templates/rails/welcome/index.html.erb
  Rendered /usr/share/rvm/gems/ruby-3.1.2/gems/railties-7.0.3.1/lib/rails/templates/rails/welcome/index.html.erb (Duration: 1.2ms | Allocations: 550)
Completed 200 OK in 7ms (Views: 2.8ms | ActiveRecord: 0.0ms | Allocations: 4213)


Started GET "/" for ::1 at 2022-08-11 19:32:12 -0300
Processing by Rails::WelcomeController#index as HTML
  Rendering /usr/share/rvm/gems/ruby-3.1.2/gems/railties-7.0.3.1/lib/rails/templates/rails/welcome/index.html.erb
  Rendered /usr/share/rvm/gems/ruby-3.1.2/gems/railties-7.0.3.1/lib/rails/templates/rails/welcome/index.html.erb (Duration: 0.8ms | Allocations: 550)
Completed 200 OK in 5ms (Views: 2.2ms | ActiveRecord: 0.0ms | Allocations: 3778)


Started GET "/" for ::1 at 2022-08-11 19:39:16 -0300
Processing by Rails::WelcomeController#index as HTML
  Rendering /usr/share/rvm/gems/ruby-3.1.2/gems/railties-7.0.3.1/lib/rails/templates/rails/welcome/index.html.erb
  Rendered /usr/share/rvm/gems/ruby-3.1.2/gems/railties-7.0.3.1/lib/rails/templates/rails/welcome/index.html.erb (Duration: 1.0ms | Allocations: 550)
Completed 200 OK in 6ms (Views: 2.4ms | ActiveRecord: 0.0ms | Allocations: 3779)


Started GET "/" for ::1 at 2022-08-11 19:42:29 -0300
Processing by Rails::WelcomeController#index as HTML
  Rendering /usr/share/rvm/gems/ruby-3.1.2/gems/railties-7.0.3.1/lib/rails/templates/rails/welcome/index.html.erb
  Rendered /usr/share/rvm/gems/ruby-3.1.2/gems/railties-7.0.3.1/lib/rails/templates/rails/welcome/index.html.erb (Duration: 0.8ms | Allocations: 550)
Completed 200 OK in 6ms (Views: 2.6ms | ActiveRecord: 0.0ms | Allocations: 3778)


Started GET "/" for ::1 at 2022-08-11 19:42:31 -0300
Processing by Rails::WelcomeController#index as HTML
  Rendering /usr/share/rvm/gems/ruby-3.1.2/gems/railties-7.0.3.1/lib/rails/templates/rails/welcome/index.html.erb
  Rendered /usr/share/rvm/gems/ruby-3.1.2/gems/railties-7.0.3.1/lib/rails/templates/rails/welcome/index.html.erb (Duration: 0.6ms | Allocations: 324)
Completed 200 OK in 2ms (Views: 1.3ms | ActiveRecord: 0.0ms | Allocations: 1052)


Started GET "/" for ::1 at 2022-08-11 20:27:57 -0300
Processing by Rails::WelcomeController#index as HTML
  Rendering /usr/share/rvm/gems/ruby-3.1.2/gems/railties-7.0.3.1/lib/rails/templates/rails/welcome/index.html.erb
  Rendered /usr/share/rvm/gems/ruby-3.1.2/gems/railties-7.0.3.1/lib/rails/templates/rails/welcome/index.html.erb (Duration: 1.3ms | Allocations: 550)
Completed 200 OK in 6ms (Views: 2.7ms | ActiveRecord: 0.0ms | Allocations: 3778)


Started GET "/" for ::1 at 2022-08-11 20:29:29 -0300
  
ActionController::RoutingError (uninitialized constant StaticPagesController

      Object.const_get(camel_cased_word)
            ^^^^^^^^^^

            raise MissingController.new(error.message, error.name)
            ^^^^^):
  
Started GET "/" for ::1 at 2022-08-11 20:30:12 -0300
  
ActionController::RoutingError (uninitialized constant StaticPagesController

      Object.const_get(camel_cased_word)
            ^^^^^^^^^^

            raise MissingController.new(error.message, error.name)
            ^^^^^):
  
Started GET "/" for ::1 at 2022-08-11 20:32:20 -0300
Processing by StaticPagesController#index as HTML
Completed 406 Not Acceptable in 3ms (ActiveRecord: 0.0ms | Allocations: 2287)


  
ActionController::MissingExactTemplate (StaticPagesController#index is missing a template for request formats: text/html):
  
actionpack (7.0.3.1) lib/action_controller/metal/implicit_render.rb:45:in `default_render'
actionpack (7.0.3.1) lib/action_controller/metal/basic_implicit_render.rb:6:in `block in send_action'
<internal:kernel>:90:in `tap'
actionpack (7.0.3.1) lib/action_controller/metal/basic_implicit_render.rb:6:in `send_action'
actionpack (7.0.3.1) lib/abstract_controller/base.rb:215:in `process_action'
actionpack (7.0.3.1) lib/action_controller/metal/rendering.rb:53:in `process_action'
actionpack (7.0.3.1) lib/abstract_controller/callbacks.rb:234:in `block in process_action'
activesupport (7.0.3.1) lib/active_support/callbacks.rb:118:in `block in run_callbacks'
actiontext (7.0.3.1) lib/action_text/rendering.rb:20:in `with_renderer'
actiontext (7.0.3.1) lib/action_text/engine.rb:69:in `block (4 levels) in <class:Engine>'
activesupport (7.0.3.1) lib/active_support/callbacks.rb:127:in `instance_exec'
activesupport (7.0.3.1) lib/active_support/callbacks.rb:127:in `block in run_callbacks'
activesupport (7.0.3.1) lib/active_support/callbacks.rb:138:in `run_callbacks'
actionpack (7.0.3.1) lib/abstract_controller/callbacks.rb:233:in `process_action'
actionpack (7.0.3.1) lib/action_controller/metal/rescue.rb:22:in `process_action'
actionpack (7.0.3.1) lib/action_controller/metal/instrumentation.rb:67:in `block in process_action'
activesupport (7.0.3.1) lib/active_support/notifications.rb:206:in `block in instrument'
activesupport (7.0.3.1) lib/active_support/notifications/instrumenter.rb:24:in `instrument'
activesupport (7.0.3.1) lib/active_support/notifications.rb:206:in `instrument'
actionpack (7.0.3.1) lib/action_controller/metal/instrumentation.rb:66:in `process_action'
actionpack (7.0.3.1) lib/action_controller/metal/params_wrapper.rb:259:in `process_action'
activerecord (7.0.3.1) lib/active_record/railties/controller_runtime.rb:27:in `process_action'
actionpack (7.0.3.1) lib/abstract_controller/base.rb:151:in `process'
actionview (7.0.3.1) lib/action_view/rendering.rb:39:in `process'
actionpack (7.0.3.1) lib/action_controller/metal.rb:188:in `dispatch'
actionpack (7.0.3.1) lib/action_controller/metal.rb:251:in `dispatch'
actionpack (7.0.3.1) lib/action_dispatch/routing/route_set.rb:49:in `dispatch'
actionpack (7.0.3.1) lib/action_dispatch/routing/route_set.rb:32:in `serve'
actionpack (7.0.3.1) lib/action_dispatch/journey/router.rb:50:in `block in serve'
actionpack (7.0.3.1) lib/action_dispatch/journey/router.rb:32:in `each'
actionpack (7.0.3.1) lib/action_dispatch/journey/router.rb:32:in `serve'
actionpack (7.0.3.1) lib/action_dispatch/routing/route_set.rb:852:in `call'
rack (2.2.4) lib/rack/tempfile_reaper.rb:15:in `call'
rack (2.2.4) lib/rack/etag.rb:27:in `call'
rack (2.2.4) lib/rack/conditional_get.rb:27:in `call'
rack (2.2.4) lib/rack/head.rb:12:in `call'
actionpack (7.0.3.1) lib/action_dispatch/http/permissions_policy.rb:38:in `call'
actionpack (7.0.3.1) lib/action_dispatch/http/content_security_policy.rb:36:in `call'
rack (2.2.4) lib/rack/session/abstract/id.rb:266:in `context'
rack (2.2.4) lib/rack/session/abstract/id.rb:260:in `call'
actionpack (7.0.3.1) lib/action_dispatch/middleware/cookies.rb:697:in `call'
activerecord (7.0.3.1) lib/active_record/migration.rb:603:in `call'
actionpack (7.0.3.1) lib/action_dispatch/middleware/callbacks.rb:27:in `block in call'
activesupport (7.0.3.1) lib/active_support/callbacks.rb:99:in `run_callbacks'
actionpack (7.0.3.1) lib/action_dispatch/middleware/callbacks.rb:26:in `call'
actionpack (7.0.3.1) lib/action_dispatch/middleware/executor.rb:14:in `call'
actionpack (7.0.3.1) lib/action_dispatch/middleware/actionable_exceptions.rb:17:in `call'
actionpack (7.0.3.1) lib/action_dispatch/middleware/debug_exceptions.rb:28:in `call'
web-console (4.2.0) lib/web_console/middleware.rb:132:in `call_app'
web-console (4.2.0) lib/web_console/middleware.rb:28:in `block in call'
web-console (4.2.0) lib/web_console/middleware.rb:17:in `catch'
web-console (4.2.0) lib/web_console/middleware.rb:17:in `call'
actionpack (7.0.3.1) lib/action_dispatch/middleware/show_exceptions.rb:26:in `call'
railties (7.0.3.1) lib/rails/rack/logger.rb:40:in `call_app'
railties (7.0.3.1) lib/rails/rack/logger.rb:25:in `block in call'
activesupport (7.0.3.1) lib/active_support/tagged_logging.rb:114:in `block in tagged'
activesupport (7.0.3.1) lib/active_support/tagged_logging.rb:38:in `tagged'
activesupport (7.0.3.1) lib/active_support/tagged_logging.rb:114:in `tagged'
railties (7.0.3.1) lib/rails/rack/logger.rb:25:in `call'
sprockets-rails (3.4.2) lib/sprockets/rails/quiet_assets.rb:13:in `call'
actionpack (7.0.3.1) lib/action_dispatch/middleware/remote_ip.rb:93:in `call'
actionpack (7.0.3.1) lib/action_dispatch/middleware/request_id.rb:26:in `call'
rack (2.2.4) lib/rack/method_override.rb:24:in `call'
rack (2.2.4) lib/rack/runtime.rb:22:in `call'
activesupport (7.0.3.1) lib/active_support/cache/strategy/local_cache_middleware.rb:29:in `call'
actionpack (7.0.3.1) lib/action_dispatch/middleware/server_timing.rb:20:in `call'
actionpack (7.0.3.1) lib/action_dispatch/middleware/executor.rb:14:in `call'
actionpack (7.0.3.1) lib/action_dispatch/middleware/static.rb:23:in `call'
rack (2.2.4) lib/rack/sendfile.rb:110:in `call'
actionpack (7.0.3.1) lib/action_dispatch/middleware/host_authorization.rb:137:in `call'
railties (7.0.3.1) lib/rails/engine.rb:530:in `call'
puma (5.6.4) lib/puma/configuration.rb:252:in `call'
puma (5.6.4) lib/puma/request.rb:77:in `block in handle_request'
puma (5.6.4) lib/puma/thread_pool.rb:340:in `with_force_shutdown'
puma (5.6.4) lib/puma/request.rb:76:in `handle_request'
puma (5.6.4) lib/puma/server.rb:441:in `process_client'
puma (5.6.4) lib/puma/thread_pool.rb:147:in `block in spawn_thread'
Started GET "/" for 127.0.0.1 at 2022-08-11 20:33:06 -0300
Processing by StaticPagesController#index as HTML
  Rendering layout layouts/application.html.erb
  Rendering static_pages/index.html.erb within layouts/application
  Rendered static_pages/index.html.erb within layouts/application (Duration: 0.6ms | Allocations: 388)
  Rendered layout layouts/application.html.erb (Duration: 196.3ms | Allocations: 95142)
Completed 200 OK in 202ms (Views: 197.9ms | ActiveRecord: 0.0ms | Allocations: 98551)


Started GET "/" for ::1 at 2022-08-11 20:37:38 -0300
Processing by StaticPagesController#index as HTML
  Rendering layout layouts/application.html.erb
  Rendering static_pages/index.html.erb within layouts/application
  Rendered static_pages/index.html.erb within layouts/application (Duration: 0.5ms | Allocations: 388)
  Rendered layout layouts/application.html.erb (Duration: 192.4ms | Allocations: 97872)
Completed 200 OK in 198ms (Views: 194.1ms | ActiveRecord: 0.0ms | Allocations: 101281)


Started GET "/" for ::1 at 2022-08-11 20:38:29 -0300
Processing by StaticPagesController#index as HTML
  Rendering layout layouts/application.html.erb
  Rendering static_pages/index.html.erb within layouts/application
  Rendered static_pages/index.html.erb within layouts/application (Duration: 0.6ms | Allocations: 388)
  Rendered layout layouts/application.html.erb (Duration: 54.9ms | Allocations: 37368)
Completed 200 OK in 63ms (Views: 57.0ms | ActiveRecord: 0.0ms | Allocations: 40778)


Started GET "/?vscodeBrowserReqId=1660261197977" for 127.0.0.1 at 2022-08-11 20:39:58 -0300
Processing by StaticPagesController#index as HTML
  Parameters: {"vscodeBrowserReqId"=>"1660261197977"}
  Rendering layout layouts/application.html.erb
  Rendering static_pages/index.html.erb within layouts/application
  Rendered static_pages/index.html.erb within layouts/application (Duration: 2.3ms | Allocations: 388)
  Rendered layout layouts/application.html.erb (Duration: 66.5ms | Allocations: 44120)
Completed 200 OK in 73ms (Views: 68.9ms | ActiveRecord: 0.0ms | Allocations: 47529)


Started GET "/" for ::1 at 2022-08-11 20:40:18 -0300
Processing by StaticPagesController#index as HTML
  Rendering layout layouts/application.html.erb
  Rendering static_pages/index.html.erb within layouts/application
  Rendered static_pages/index.html.erb within layouts/application (Duration: 0.0ms | Allocations: 22)
  Rendered layout layouts/application.html.erb (Duration: 2.0ms | Allocations: 2561)
Completed 200 OK in 3ms (Views: 2.4ms | ActiveRecord: 0.0ms | Allocations: 2897)


Started GET "/" for ::1 at 2022-08-11 20:43:15 -0300
Processing by StaticPagesController#index as HTML
  Rendering layout layouts/application.html.erb
  Rendering static_pages/index.html.erb within layouts/application
  Rendered static_pages/index.html.erb within layouts/application (Duration: 0.6ms | Allocations: 388)
  Rendered layout layouts/application.html.erb (Duration: 637.1ms | Allocations: 149872)
Completed 200 OK in 644ms (Views: 638.9ms | ActiveRecord: 0.0ms | Allocations: 153281)


Started GET "/?vscodeBrowserReqId=1660261401275" for 127.0.0.1 at 2022-08-11 20:43:21 -0300
Processing by StaticPagesController#index as HTML
  Parameters: {"vscodeBrowserReqId"=>"1660261401275"}
  Rendering layout layouts/application.html.erb
  Rendering static_pages/index.html.erb within layouts/application
  Rendered static_pages/index.html.erb within layouts/application (Duration: 0.1ms | Allocations: 22)
  Rendered layout layouts/application.html.erb (Duration: 5.3ms | Allocations: 6221)
Completed 200 OK in 6ms (Views: 5.8ms | ActiveRecord: 0.0ms | Allocations: 6557)


Started GET "/" for 127.0.0.1 at 2022-08-11 20:43:35 -0300
Processing by StaticPagesController#index as HTML
  Rendering layout layouts/application.html.erb
  Rendering static_pages/index.html.erb within layouts/application
  Rendered static_pages/index.html.erb within layouts/application (Duration: 0.6ms | Allocations: 388)
  Rendered layout layouts/application.html.erb (Duration: 58.0ms | Allocations: 49020)
Completed 200 OK in 63ms (Views: 59.7ms | ActiveRecord: 0.0ms | Allocations: 52430)


Started GET "/" for 127.0.0.1 at 2022-08-11 20:45:32 -0300
Processing by StaticPagesController#index as HTML
  Rendering layout layouts/application.html.erb
  Rendering static_pages/index.html.erb within layouts/application
  Rendered static_pages/index.html.erb within layouts/application (Duration: 1.4ms | Allocations: 388)
  Rendered layout layouts/application.html.erb (Duration: 72.5ms | Allocations: 49210)
Completed 200 OK in 82ms (Views: 76.2ms | ActiveRecord: 0.0ms | Allocations: 52619)


Started GET "/" for 127.0.0.1 at 2022-08-11 20:49:28 -0300
Processing by StaticPagesController#index as HTML
  Rendering layout layouts/application.html.erb
  Rendering static_pages/index.html.erb within layouts/application
  Rendered static_pages/index.html.erb within layouts/application (Duration: 0.6ms | Allocations: 388)
  Rendered layout layouts/application.html.erb (Duration: 60.3ms | Allocations: 49154)
Completed 200 OK in 67ms (Views: 62.2ms | ActiveRecord: 0.0ms | Allocations: 52563)


Started GET "/" for 127.0.0.1 at 2022-08-11 20:51:17 -0300
Processing by StaticPagesController#index as HTML
  Rendering layout layouts/application.html.erb
  Rendering static_pages/index.html.erb within layouts/application
  Rendered static_pages/index.html.erb within layouts/application (Duration: 0.5ms | Allocations: 168)
  Rendered layouts/_footer.html.erb (Duration: 12.8ms | Allocations: 13223)
  Rendered layout layouts/application.html.erb (Duration: 19.6ms | Allocations: 20234)
Completed 500 Internal Server Error in 21ms (ActiveRecord: 0.0ms | Allocations: 21120)


  
ActionView::Template::Error (undefined local variable or method `sobre_path' for #<ActionView::Base:0x0000000000b630>

        '.freeze;@output_buffer.append=( link_to 'Sobre', sobre_path );@output_buffer.safe_append='
                                                          ^^^^^^^^^^):
     6:   <nav>
     7:     <ul>
     8:       <li>
     9:         <%= link_to 'Sobre', sobre_path %>
    10:       </li>
    11:       <li>
    12:         <%= link_to 'Contato', contato_path %>
  
app/views/layouts/_footer.html.erb:9
app/views/layouts/application.html.erb:16
Started GET "/" for 127.0.0.1 at 2022-08-11 20:51:42 -0300
Processing by StaticPagesController#index as HTML
  Rendering layout layouts/application.html.erb
  Rendering static_pages/index.html.erb within layouts/application
  Rendered static_pages/index.html.erb within layouts/application (Duration: 0.5ms | Allocations: 168)
  Rendered layout layouts/application.html.erb (Duration: 17.8ms | Allocations: 9280)
Completed 500 Internal Server Error in 20ms (ActiveRecord: 0.0ms | Allocations: 10113)


  
ActionView::Template::Error (Missing partial static_pages/_header, application/_header with {:locale=>[:en], :formats=>[:html], :variants=>[], :handlers=>[:raw, :erb, :html, :builder, :ruby, :jbuilder]}.

Searched in:
  * "/home/raio/lista_contatos/app/views"
  * "/usr/share/rvm/gems/ruby-3.1.2/gems/actiontext-7.0.3.1/app/views"
  * "/usr/share/rvm/gems/ruby-3.1.2/gems/actionmailbox-7.0.3.1/app/views"

Did you mean?  layouts/header
               active_storage/blobs/blob
               action_text/contents/content
               layouts/action_text/contents/content
               action_text/attachables/remote_image
               action_text/attachment_galleries/attachment_gallery):
    11:   </head>
    12: 
    13:   <body>
    14:     <%= render 'header' %>
    15:     <%= yield %>
    16: 
    17:   </body>
  
app/views/layouts/application.html.erb:14
Started GET "/" for 127.0.0.1 at 2022-08-11 20:51:46 -0300
Processing by StaticPagesController#index as HTML
  Rendering layout layouts/application.html.erb
  Rendering static_pages/index.html.erb within layouts/application
  Rendered static_pages/index.html.erb within layouts/application (Duration: 0.3ms | Allocations: 168)
  Rendered layout layouts/application.html.erb (Duration: 5.6ms | Allocations: 6850)
Completed 200 OK in 7ms (Views: 6.7ms | ActiveRecord: 0.0ms | Allocations: 7698)


Started GET "/" for 127.0.0.1 at 2022-08-11 20:52:00 -0300
Processing by StaticPagesController#index as HTML
  Rendering layout layouts/application.html.erb
  Rendering static_pages/index.html.erb within layouts/application
  Rendered static_pages/index.html.erb within layouts/application (Duration: 1.3ms | Allocations: 168)
  Rendered layouts/_header.html.erb (Duration: 9.2ms | Allocations: 5089)
  Rendered layout layouts/application.html.erb (Duration: 19.3ms | Allocations: 12071)
Completed 500 Internal Server Error in 22ms (ActiveRecord: 0.0ms | Allocations: 12906)


  
ActionView::Template::Error (undefined method `user_signed_in?' for #<ActionView::Base:0x0000000000bd88>

'.freeze;       if !user_signed_in? 
                    ^^^^^^^^^^^^^^^):
    14:   <!-- Conteudo exibido em telas maiores e que serao escondidos em telas menores -->
    15:   <div class="collapse navbar-collapse" id="expanded-menu">
    16:     <ul class="nav navbar-nav">
    17:       <% if !user_signed_in? %>
    18:         <li class="active">
    19:           <%= link_to 'Nova Conta', cadastro_path %>
    20:         </li>
  
app/views/layouts/_header.html.erb:17
app/views/layouts/application.html.erb:14
Started GET "/" for 127.0.0.1 at 2022-08-11 20:52:30 -0300
Processing by StaticPagesController#index as HTML
  Rendering layout layouts/application.html.erb
  Rendering static_pages/index.html.erb within layouts/application
  Rendered static_pages/index.html.erb within layouts/application (Duration: 0.7ms | Allocations: 186)
  Rendered layouts/_header.html.erb (Duration: 9.1ms | Allocations: 5027)
  Rendered layout layouts/application.html.erb (Duration: 16.0ms | Allocations: 12057)
Completed 500 Internal Server Error in 18ms (ActiveRecord: 0.0ms | Allocations: 12874)


  
ActionView::Template::Error (undefined method `user_signed_in?' for #<ActionView::Base:0x0000000000c120>

      #'.freeze; if !user_signed_in? ;@output_buffer.safe_append='
                     ^^^^^^^^^^^^^^^):
    14:   <!-- Conteudo exibido em telas maiores e que serao escondidos em telas menores -->
    15:   <div class="collapse navbar-collapse" id="expanded-menu">
    16:     <ul class="nav navbar-nav">
    17:       #<% if !user_signed_in? %>
    18:        # <li class="active">
    19:         #  <%= link_to 'Nova Conta', cadastro_path %>
    20:       #  </li>
  
app/views/layouts/_header.html.erb:17
app/views/layouts/application.html.erb:14
Started GET "/" for 127.0.0.1 at 2022-08-11 20:52:35 -0300
Processing by StaticPagesController#index as HTML
  Rendering layout layouts/application.html.erb
  Rendering static_pages/index.html.erb within layouts/application
  Rendered static_pages/index.html.erb within layouts/application (Duration: 0.4ms | Allocations: 168)
  Rendered layouts/_header.html.erb (Duration: 8.1ms | Allocations: 5023)
  Rendered layout layouts/application.html.erb (Duration: 17.4ms | Allocations: 12020)
Completed 500 Internal Server Error in 19ms (ActiveRecord: 0.0ms | Allocations: 12837)


  
ActionView::Template::Error (undefined method `user_signed_in?' for #<ActionView::Base:0x0000000000c4b8>

'.freeze;       if !user_signed_in? 
                    ^^^^^^^^^^^^^^^):
    14:   <!-- Conteudo exibido em telas maiores e que serao escondidos em telas menores -->
    15:   <div class="collapse navbar-collapse" id="expanded-menu">
    16:     <ul class="nav navbar-nav">
    17:       <% if !user_signed_in? %>
    18:         <li class="active">
    19:           <%= link_to 'Nova Conta', cadastro_path %>
    20:         </li>
  
app/views/layouts/_header.html.erb:17
app/views/layouts/application.html.erb:14
Started GET "/" for 127.0.0.1 at 2022-08-11 20:53:16 -0300
Processing by StaticPagesController#index as HTML
  Rendering layout layouts/application.html.erb
  Rendering static_pages/index.html.erb within layouts/application
  Rendered static_pages/index.html.erb within layouts/application (Duration: 0.5ms | Allocations: 168)
  Rendered layouts/_header.html.erb (Duration: 12.7ms | Allocations: 4937)
  Rendered layout layouts/application.html.erb (Duration: 22.4ms | Allocations: 11933)
Completed 500 Internal Server Error in 24ms (ActiveRecord: 0.0ms | Allocations: 12763)


  
ActionView::Template::Error (undefined method `user_signed_in?' for #<ActionView::Base:0x0000000000c850>

'.freeze;       if !user_signed_in? 
                    ^^^^^^^^^^^^^^^):
    19: 
    20:     <ul class="nav navbar-nav navbar-right">
    21: 
    22:       <% if !user_signed_in? %>
    23:         <li>
    24:           <%= link_to 'Entrar', entrar_path %>
    25:       </li>
  
app/views/layouts/_header.html.erb:22
app/views/layouts/application.html.erb:14
Started GET "/" for 127.0.0.1 at 2022-08-11 20:53:34 -0300
Processing by StaticPagesController#index as HTML
  Rendering layout layouts/application.html.erb
  Rendering static_pages/index.html.erb within layouts/application
  Rendered static_pages/index.html.erb within layouts/application (Duration: 0.4ms | Allocations: 168)
  Rendered layouts/_header.html.erb (Duration: 0.5ms | Allocations: 258)
  Rendered layout layouts/application.html.erb (Duration: 10.9ms | Allocations: 7260)
Completed 200 OK in 13ms (Views: 12.4ms | ActiveRecord: 0.0ms | Allocations: 8118)


Started GET "/" for 127.0.0.1 at 2022-08-11 20:53:39 -0300
Processing by StaticPagesController#index as HTML
  Rendering layout layouts/application.html.erb
  Rendering static_pages/index.html.erb within layouts/application
  Rendered static_pages/index.html.erb within layouts/application (Duration: 0.0ms | Allocations: 19)
  Rendered layouts/_header.html.erb (Duration: 0.2ms | Allocations: 72)
  Rendered layout layouts/application.html.erb (Duration: 6.5ms | Allocations: 6336)
Completed 200 OK in 7ms (Views: 6.8ms | ActiveRecord: 0.0ms | Allocations: 6628)


Started GET "/" for 127.0.0.1 at 2022-08-11 20:55:04 -0300
Processing by StaticPagesController#index as HTML
  Rendering layout layouts/application.html.erb
  Rendering static_pages/index.html.erb within layouts/application
  Rendered static_pages/index.html.erb within layouts/application (Duration: 0.6ms | Allocations: 168)
  Rendered layouts/_header.html.erb (Duration: 0.5ms | Allocations: 254)
  Rendered layouts/_footer.html.erb (Duration: 7.0ms | Allocations: 4951)
  Rendered layout layouts/application.html.erb (Duration: 15.4ms | Allocations: 12311)
Completed 500 Internal Server Error in 18ms (ActiveRecord: 0.0ms | Allocations: 13148)


  
ActionView::Template::Error (undefined local variable or method `sobre_path' for #<ActionView::Base:0x0000000000cd28>

        '.freeze;@output_buffer.append=( link_to 'Sobre', sobre_path );@output_buffer.safe_append='
                                                          ^^^^^^^^^^):
     6:   <nav>
     7:     <ul>
     8:       <li>
     9:         <%= link_to 'Sobre', sobre_path %>
    10:       </li>
    11:       <li>
    12:         <%= link_to 'Contato', contato_path %>
  
app/views/layouts/_footer.html.erb:9
app/views/layouts/application.html.erb:20
Started GET "/" for 127.0.0.1 at 2022-08-11 20:55:15 -0300
Processing by StaticPagesController#index as HTML
  Rendering layout layouts/application.html.erb
  Rendering static_pages/index.html.erb within layouts/application
  Rendered static_pages/index.html.erb within layouts/application (Duration: 0.4ms | Allocations: 168)
  Rendered layouts/_header.html.erb (Duration: 0.4ms | Allocations: 254)
  Rendered layouts/_footer.html.erb (Duration: 0.3ms | Allocations: 176)
  Rendered layout layouts/application.html.erb (Duration: 7.0ms | Allocations: 7551)
Completed 200 OK in 9ms (Views: 8.7ms | ActiveRecord: 0.0ms | Allocations: 8398)


Started GET "/" for 127.0.0.1 at 2022-08-11 20:55:34 -0300
Processing by StaticPagesController#index as HTML
  Rendering layout layouts/application.html.erb
  Rendering static_pages/index.html.erb within layouts/application
  Rendered static_pages/index.html.erb within layouts/application (Duration: 0.4ms | Allocations: 168)
  Rendered layouts/_header.html.erb (Duration: 0.5ms | Allocations: 254)
  Rendered layouts/_footer.html.erb (Duration: 0.7ms | Allocations: 1298)
  Rendered layout layouts/application.html.erb (Duration: 9.7ms | Allocations: 8690)
Completed 500 Internal Server Error in 11ms (Allocations: 9510)


  
ActionView::SyntaxErrorInTemplate (Encountered a syntax error while rendering template: check <footer>
  <small>
    <%= link_to 'Contact List. Todos os direitos reservados.', root_path %>
  </small>

  <nav>
    <ul>
      <li>
        <%= link_to 'Sobre', # %>
      </li>
      <li>
        <%= link_to 'Contato', # %>
      </li>
    </ul>
  </nav>
</footer>
):
1:    <footer>
2:      <small>
3:        <%= link_to 'Contact List. Todos os direitos reservados.', root_path %>
4:      </small>
5:    
6:      <nav>
7:        <ul>
8:          <li>
9:            <%= link_to 'Sobre', # %>
10:          </li>
11:          <li>
12:            <%= link_to 'Contato', # %>
13:          </li>
14:        </ul>
15:      </nav>
16:    </footer>
  
app/views/layouts/_footer.html.erb:10: syntax error, unexpected '<'
app/views/layouts/_footer.html.erb:13: unknown regexp option - l
app/views/layouts/_footer.html.erb:14: syntax error, unexpected '<'
app/views/layouts/_footer.html.erb:15: unknown regexp options - av
app/views/layouts/_footer.html.erb:16: syntax error, unexpected '<'
app/views/layouts/_footer.html.erb:18: unterminated regexp meets end of file
app/views/layouts/_footer.html.erb:18: syntax error, unexpected end-of-input, expecting ')'
app/views/layouts/_footer.html.erb:10: syntax error, unexpected '<'
app/views/layouts/_footer.html.erb:13: unknown regexp option - l
app/views/layouts/_footer.html.erb:14: syntax error, unexpected '<'
app/views/layouts/_footer.html.erb:15: unknown regexp options - av
app/views/layouts/_footer.html.erb:16: syntax error, unexpected '<'
app/views/layouts/_footer.html.erb:18: unterminated regexp meets end of file
app/views/layouts/_footer.html.erb:18: syntax error, unexpected end-of-input, expecting ')'
app/views/layouts/_footer.html.erb:10: syntax error, unexpected '<'
app/views/layouts/_footer.html.erb:13: unknown regexp option - l
app/views/layouts/_footer.html.erb:14: syntax error, unexpected '<'
app/views/layouts/_footer.html.erb:15: unknown regexp options - av
app/views/layouts/_footer.html.erb:16: syntax error, unexpected '<'
app/views/layouts/_footer.html.erb:18: unterminated regexp meets end of file
app/views/layouts/_footer.html.erb:18: syntax error, unexpected end-of-input, expecting ')'
app/views/layouts/_footer.html.erb:10: syntax error, unexpected '<'
app/views/layouts/_footer.html.erb:13: unknown regexp option - l
app/views/layouts/_footer.html.erb:14: syntax error, unexpected '<'
app/views/layouts/_footer.html.erb:15: unknown regexp options - av
app/views/layouts/_footer.html.erb:16: syntax error, unexpected '<'
app/views/layouts/_footer.html.erb:18: unterminated regexp meets end of file
app/views/layouts/_footer.html.erb:18: syntax error, unexpected end-of-input, expecting ')'
app/views/layouts/_footer.html.erb:10: syntax error, unexpected '<'
app/views/layouts/_footer.html.erb:13: unknown regexp option - l
app/views/layouts/_footer.html.erb:14: syntax error, unexpected '<'
app/views/layouts/_footer.html.erb:15: unknown regexp options - av
app/views/layouts/_footer.html.erb:16: syntax error, unexpected '<'
app/views/layouts/_footer.html.erb:18: unterminated regexp meets end of file
app/views/layouts/_footer.html.erb:18: syntax error, unexpected end-of-input, expecting ')'
app/views/layouts/_footer.html.erb:10: syntax error, unexpected '<'
app/views/layouts/_footer.html.erb:13: unknown regexp option - l
app/views/layouts/_footer.html.erb:14: syntax error, unexpected '<'
app/views/layouts/_footer.html.erb:15: unknown regexp options - av
app/views/layouts/_footer.html.erb:16: syntax error, unexpected '<'
app/views/layouts/_footer.html.erb:18: unterminated regexp meets end of file
app/views/layouts/_footer.html.erb:18: syntax error, unexpected end-of-input, expecting ')'
app/views/layouts/application.html.erb:20
Started GET "/" for 127.0.0.1 at 2022-08-11 20:55:46 -0300
Processing by StaticPagesController#index as HTML
  Rendering layout layouts/application.html.erb
  Rendering static_pages/index.html.erb within layouts/application
  Rendered static_pages/index.html.erb within layouts/application (Duration: 0.7ms | Allocations: 168)
  Rendered layouts/_header.html.erb (Duration: 0.7ms | Allocations: 254)
  Rendered layouts/_footer.html.erb (Duration: 0.6ms | Allocations: 249)
  Rendered layout layouts/application.html.erb (Duration: 9.7ms | Allocations: 7624)
Completed 200 OK in 12ms (Views: 11.6ms | Allocations: 8461)


Started GET "/" for 127.0.0.1 at 2022-08-11 20:57:28 -0300
Processing by StaticPagesController#index as HTML
  Rendering layout layouts/application.html.erb
  Rendering static_pages/index.html.erb within layouts/application
  Rendered static_pages/index.html.erb within layouts/application (Duration: 0.1ms | Allocations: 19)
  Rendered layouts/_header.html.erb (Duration: 0.2ms | Allocations: 72)
  Rendered layouts/_footer.html.erb (Duration: 0.1ms | Allocations: 76)
  Rendered layout layouts/application.html.erb (Duration: 455.4ms | Allocations: 45070)
Completed 200 OK in 458ms (Views: 457.5ms | Allocations: 45367)


Started GET "/" for 127.0.0.1 at 2022-08-11 20:57:37 -0300
Processing by StaticPagesController#index as HTML
  Rendering layout layouts/application.html.erb
  Rendering static_pages/index.html.erb within layouts/application
  Rendered static_pages/index.html.erb within layouts/application (Duration: 0.5ms | Allocations: 168)
  Rendered layouts/_header.html.erb (Duration: 0.6ms | Allocations: 257)
  Rendered layouts/_footer.html.erb (Duration: 0.4ms | Allocations: 251)
  Rendered layout layouts/application.html.erb (Duration: 12.6ms | Allocations: 7672)
Completed 200 OK in 14ms (Views: 13.9ms | Allocations: 8498)


Started GET "/" for 127.0.0.1 at 2022-08-11 20:57:38 -0300
Processing by StaticPagesController#index as HTML
  Rendering layout layouts/application.html.erb
  Rendering static_pages/index.html.erb within layouts/application
  Rendered static_pages/index.html.erb within layouts/application (Duration: 0.1ms | Allocations: 19)
  Rendered layouts/_header.html.erb (Duration: 0.1ms | Allocations: 72)
  Rendered layouts/_footer.html.erb (Duration: 0.4ms | Allocations: 76)
  Rendered layout layouts/application.html.erb (Duration: 8.5ms | Allocations: 6490)
Completed 200 OK in 10ms (Views: 9.2ms | Allocations: 6775)


Started GET "/" for 127.0.0.1 at 2022-08-11 20:58:29 -0300
Processing by StaticPagesController#index as HTML
  Rendering layout layouts/application.html.erb
  Rendering static_pages/index.html.erb within layouts/application
  Rendered static_pages/index.html.erb within layouts/application (Duration: 0.4ms | Allocations: 169)
  Rendered layouts/_header.html.erb (Duration: 0.5ms | Allocations: 254)
  Rendered layouts/_footer.html.erb (Duration: 0.4ms | Allocations: 249)
  Rendered layout layouts/application.html.erb (Duration: 428.0ms | Allocations: 43358)
Completed 200 OK in 431ms (Views: 429.8ms | Allocations: 44216)


Started GET "/" for 127.0.0.1 at 2022-08-11 20:58:54 -0300
Processing by StaticPagesController#index as HTML
  Rendering layout layouts/application.html.erb
  Rendering static_pages/index.html.erb within layouts/application
  Rendered static_pages/index.html.erb within layouts/application (Duration: 0.5ms | Allocations: 183)
  Rendered layouts/_header.html.erb (Duration: 0.5ms | Allocations: 257)
  Rendered layouts/_footer.html.erb (Duration: 0.4ms | Allocations: 249)
  Rendered layout layouts/application.html.erb (Duration: 11.3ms | Allocations: 7652)
Completed 200 OK in 13ms (Views: 12.5ms | Allocations: 8508)


Started GET "/" for 127.0.0.1 at 2022-08-11 20:59:51 -0300
Processing by StaticPagesController#index as HTML
  Rendering layout layouts/application.html.erb
  Rendering static_pages/index.html.erb within layouts/application
  Rendered static_pages/index.html.erb within layouts/application (Duration: 0.7ms | Allocations: 170)
  Rendered layouts/_header.html.erb (Duration: 0.6ms | Allocations: 261)
  Rendered layouts/_footer.html.erb (Duration: 0.6ms | Allocations: 249)
  Rendered layout layouts/application.html.erb (Duration: 15.5ms | Allocations: 20698)
Completed 200 OK in 17ms (Views: 16.5ms | Allocations: 21666)


Started GET "/" for 127.0.0.1 at 2022-08-11 21:00:20 -0300
Processing by StaticPagesController#index as HTML
  Rendering layout layouts/application.html.erb
  Rendering static_pages/index.html.erb within layouts/application
  Rendered static_pages/index.html.erb within layouts/application (Duration: 0.5ms | Allocations: 153)
  Rendered layouts/_header.html.erb (Duration: 0.8ms | Allocations: 254)
  Rendered layouts/_footer.html.erb (Duration: 0.8ms | Allocations: 249)
  Rendered layout layouts/application.html.erb (Duration: 12.7ms | Allocations: 7617)
Completed 200 OK in 16ms (Views: 15.4ms | Allocations: 8492)


Started GET "/" for 127.0.0.1 at 2022-08-11 21:00:27 -0300
Processing by StaticPagesController#index as HTML
  Rendering layout layouts/application.html.erb
  Rendering static_pages/index.html.erb within layouts/application
  Rendered static_pages/index.html.erb within layouts/application (Duration: 0.4ms | Allocations: 174)
  Rendered layouts/_header.html.erb (Duration: 0.4ms | Allocations: 254)
  Rendered layouts/_footer.html.erb (Duration: 8.8ms | Allocations: 252)
  Rendered layout layouts/application.html.erb (Duration: 16.9ms | Allocations: 7636)
Completed 200 OK in 19ms (Views: 18.0ms | Allocations: 8480)


Started GET "/" for 127.0.0.1 at 2022-08-11 21:00:30 -0300
Processing by StaticPagesController#index as HTML
  Rendering layout layouts/application.html.erb
  Rendering static_pages/index.html.erb within layouts/application
  Rendered static_pages/index.html.erb within layouts/application (Duration: 0.4ms | Allocations: 174)
  Rendered layouts/_header.html.erb (Duration: 0.5ms | Allocations: 254)
  Rendered layouts/_footer.html.erb (Duration: 0.6ms | Allocations: 249)
  Rendered layout layouts/application.html.erb (Duration: 9.7ms | Allocations: 7652)
Completed 200 OK in 11ms (Views: 10.9ms | Allocations: 8496)


Started GET "/" for 127.0.0.1 at 2022-08-11 21:00:36 -0300
Processing by StaticPagesController#index as HTML
  Rendering layout layouts/application.html.erb
  Rendering static_pages/index.html.erb within layouts/application
  Rendered static_pages/index.html.erb within layouts/application (Duration: 0.4ms | Allocations: 173)
  Rendered layouts/_header.html.erb (Duration: 0.5ms | Allocations: 254)
  Rendered layouts/_footer.html.erb (Duration: 0.8ms | Allocations: 249)
  Rendered layout layouts/application.html.erb (Duration: 7.6ms | Allocations: 7638)
Completed 200 OK in 9ms (Views: 8.7ms | Allocations: 8481)


Started GET "/" for 127.0.0.1 at 2022-08-11 21:00:55 -0300
Processing by StaticPagesController#index as HTML
  Rendering layout layouts/application.html.erb
  Rendering static_pages/index.html.erb within layouts/application
  Rendered static_pages/index.html.erb within layouts/application (Duration: 0.4ms | Allocations: 168)
  Rendered layouts/_header.html.erb (Duration: 0.6ms | Allocations: 255)
  Rendered layouts/_footer.html.erb (Duration: 0.4ms | Allocations: 249)
  Rendered layout layouts/application.html.erb (Duration: 9.4ms | Allocations: 7648)
Completed 200 OK in 11ms (Views: 10.7ms | Allocations: 8491)


Started GET "/" for 127.0.0.1 at 2022-08-11 21:01:00 -0300
Processing by StaticPagesController#index as HTML
  Rendering layout layouts/application.html.erb
  Rendering static_pages/index.html.erb within layouts/application
  Rendered static_pages/index.html.erb within layouts/application (Duration: 0.5ms | Allocations: 168)
  Rendered layouts/_header.html.erb (Duration: 0.4ms | Allocations: 254)
  Rendered layouts/_footer.html.erb (Duration: 0.3ms | Allocations: 249)
  Rendered layout layouts/application.html.erb (Duration: 7.0ms | Allocations: 7613)
Completed 200 OK in 9ms (Views: 8.3ms | Allocations: 8456)


Started GET "/" for 127.0.0.1 at 2022-08-11 21:02:13 -0300
Processing by StaticPagesController#index as HTML
  Rendering layout layouts/application.html.erb
  Rendering static_pages/index.html.erb within layouts/application
  Rendered static_pages/index.html.erb within layouts/application (Duration: 0.6ms | Allocations: 388)
  Rendered layouts/_header.html.erb (Duration: 0.5ms | Allocations: 322)
  Rendered layouts/_footer.html.erb (Duration: 0.4ms | Allocations: 255)
  Rendered layout layouts/application.html.erb (Duration: 72.5ms | Allocations: 58887)
Completed 200 OK in 78ms (Views: 74.3ms | ActiveRecord: 0.0ms | Allocations: 62291)


Started GET "/" for 127.0.0.1 at 2022-08-11 21:07:36 -0300
Processing by StaticPagesController#index as HTML
  Rendering layout layouts/application.html.erb
  Rendering static_pages/index.html.erb within layouts/application
  Rendered static_pages/index.html.erb within layouts/application (Duration: 0.6ms | Allocations: 388)
  Rendered layouts/_header.html.erb (Duration: 0.5ms | Allocations: 322)
  Rendered layouts/_footer.html.erb (Duration: 0.4ms | Allocations: 274)
  Rendered layout layouts/application.html.erb (Duration: 61.8ms | Allocations: 49951)
Completed 200 OK in 67ms (Views: 63.5ms | ActiveRecord: 0.0ms | Allocations: 53355)


Started GET "/sobre" for 127.0.0.1 at 2022-08-11 21:07:38 -0300
Processing by StaticPagesController#sobre as HTML
  Rendering layout layouts/application.html.erb
  Rendering static_pages/sobre.html.erb within layouts/application
  Rendered static_pages/sobre.html.erb within layouts/application (Duration: 0.7ms | Allocations: 145)
  Rendered layouts/_header.html.erb (Duration: 0.1ms | Allocations: 87)
  Rendered layouts/_footer.html.erb (Duration: 0.1ms | Allocations: 95)
  Rendered layout layouts/application.html.erb (Duration: 6.0ms | Allocations: 6854)
Completed 200 OK in 7ms (Views: 6.4ms | ActiveRecord: 0.0ms | Allocations: 7267)


Started GET "/contato" for 127.0.0.1 at 2022-08-11 21:07:39 -0300
Processing by StaticPagesController#contato as HTML
  Rendering layout layouts/application.html.erb
  Rendering static_pages/contato.html.erb within layouts/application
  Rendered static_pages/contato.html.erb within layouts/application (Duration: 0.6ms | Allocations: 123)
  Rendered layouts/_header.html.erb (Duration: 0.2ms | Allocations: 72)
  Rendered layouts/_footer.html.erb (Duration: 0.1ms | Allocations: 94)
  Rendered layout layouts/application.html.erb (Duration: 6.6ms | Allocations: 6618)
Completed 200 OK in 8ms (Views: 7.0ms | ActiveRecord: 0.0ms | Allocations: 6946)


Started GET "/" for 127.0.0.1 at 2022-08-11 21:07:44 -0300
Processing by StaticPagesController#index as HTML
  Rendering layout layouts/application.html.erb
  Rendering static_pages/index.html.erb within layouts/application
  Rendered static_pages/index.html.erb within layouts/application (Duration: 0.2ms | Allocations: 20)
  Rendered layouts/_header.html.erb (Duration: 0.1ms | Allocations: 72)
  Rendered layouts/_footer.html.erb (Duration: 0.1ms | Allocations: 94)
  Rendered layout layouts/application.html.erb (Duration: 6.2ms | Allocations: 6542)
Completed 200 OK in 7ms (Views: 6.9ms | ActiveRecord: 0.0ms | Allocations: 6818)


Started GET "/" for 127.0.0.1 at 2022-08-11 21:18:05 -0300
Processing by StaticPagesController#index as HTML
  Rendering layout layouts/application.html.erb
  Rendering static_pages/index.html.erb within layouts/application
  Rendered static_pages/index.html.erb within layouts/application (Duration: 0.9ms | Allocations: 490)
  Rendered layouts/_header.html.erb (Duration: 0.5ms | Allocations: 309)
  Rendered layouts/_footer.html.erb (Duration: 0.4ms | Allocations: 274)
  Rendered layout layouts/application.html.erb (Duration: 71.3ms | Allocations: 50208)
Completed 200 OK in 79ms (Views: 74.6ms | ActiveRecord: 0.0ms | Allocations: 53612)


Started GET "/" for ::1 at 2022-08-11 21:19:34 -0300
Processing by StaticPagesController#index as HTML
  Rendering layout layouts/application.html.erb
  Rendering static_pages/index.html.erb within layouts/application
  Rendered static_pages/index.html.erb within layouts/application (Duration: 0.6ms | Allocations: 245)
  Rendered layouts/_header.html.erb (Duration: 0.7ms | Allocations: 247)
  Rendered layouts/_footer.html.erb (Duration: 0.5ms | Allocations: 267)
  Rendered layout layouts/application.html.erb (Duration: 10.0ms | Allocations: 8448)
Completed 200 OK in 12ms (Views: 11.9ms | ActiveRecord: 0.0ms | Allocations: 9344)


Started GET "/" for ::1 at 2022-08-11 21:19:41 -0300
Processing by StaticPagesController#index as HTML
  Rendering layout layouts/application.html.erb
  Rendering static_pages/index.html.erb within layouts/application
  Rendered static_pages/index.html.erb within layouts/application (Duration: 0.5ms | Allocations: 245)
  Rendered layouts/_header.html.erb (Duration: 0.5ms | Allocations: 250)
  Rendered layouts/_footer.html.erb (Duration: 0.4ms | Allocations: 267)
  Rendered layout layouts/application.html.erb (Duration: 21.5ms | Allocations: 8598)
Completed 200 OK in 23ms (Views: 22.6ms | ActiveRecord: 0.0ms | Allocations: 9452)


Started GET "/" for 127.0.0.1 at 2022-08-11 21:20:25 -0300
Processing by StaticPagesController#index as HTML
  Rendering layout layouts/application.html.erb
  Rendering static_pages/index.html.erb within layouts/application
  Rendered static_pages/index.html.erb within layouts/application (Duration: 0.6ms | Allocations: 490)
  Rendered layouts/_header.html.erb (Duration: 0.5ms | Allocations: 309)
  Rendered layouts/_footer.html.erb (Duration: 0.4ms | Allocations: 274)
  Rendered layout layouts/application.html.erb (Duration: 55.0ms | Allocations: 37635)
Completed 200 OK in 60ms (Views: 56.7ms | ActiveRecord: 0.0ms | Allocations: 41039)


Started GET "/" for 127.0.0.1 at 2022-08-11 21:20:28 -0300
Processing by StaticPagesController#index as HTML
  Rendering layout layouts/application.html.erb
  Rendering static_pages/index.html.erb within layouts/application
  Rendered static_pages/index.html.erb within layouts/application (Duration: 0.1ms | Allocations: 70)
  Rendered layouts/_header.html.erb (Duration: 0.2ms | Allocations: 85)
  Rendered layouts/_footer.html.erb (Duration: 0.1ms | Allocations: 95)
  Rendered layout layouts/application.html.erb (Duration: 6.6ms | Allocations: 7473)
Completed 200 OK in 8ms (Views: 7.1ms | ActiveRecord: 0.0ms | Allocations: 7808)


Started GET "/sobre" for 127.0.0.1 at 2022-08-11 21:20:31 -0300
Processing by StaticPagesController#sobre as HTML
  Rendering layout layouts/application.html.erb
  Rendering static_pages/sobre.html.erb within layouts/application
  Rendered static_pages/sobre.html.erb within layouts/application (Duration: 0.4ms | Allocations: 143)
  Rendered layouts/_header.html.erb (Duration: 0.1ms | Allocations: 72)
  Rendered layouts/_footer.html.erb (Duration: 0.1ms | Allocations: 94)
  Rendered layout layouts/application.html.erb (Duration: 5.7ms | Allocations: 7380)
Completed 200 OK in 6ms (Views: 6.0ms | ActiveRecord: 0.0ms | Allocations: 7728)


Started GET "/contato" for 127.0.0.1 at 2022-08-11 21:20:32 -0300
Processing by StaticPagesController#contato as HTML
  Rendering layout layouts/application.html.erb
  Rendering static_pages/contato.html.erb within layouts/application
  Rendered static_pages/contato.html.erb within layouts/application (Duration: 0.3ms | Allocations: 123)
  Rendered layouts/_header.html.erb (Duration: 0.1ms | Allocations: 72)
  Rendered layouts/_footer.html.erb (Duration: 0.1ms | Allocations: 94)
  Rendered layout layouts/application.html.erb (Duration: 6.5ms | Allocations: 7357)
Completed 200 OK in 7ms (Views: 6.9ms | ActiveRecord: 0.0ms | Allocations: 7682)


Started GET "/" for 127.0.0.1 at 2022-08-11 21:20:34 -0300
Processing by StaticPagesController#index as HTML
  Rendering layout layouts/application.html.erb
  Rendering static_pages/index.html.erb within layouts/application
  Rendered static_pages/index.html.erb within layouts/application (Duration: 0.1ms | Allocations: 49)
  Rendered layouts/_header.html.erb (Duration: 0.1ms | Allocations: 72)
  Rendered layouts/_footer.html.erb (Duration: 0.1ms | Allocations: 94)
  Rendered layout layouts/application.html.erb (Duration: 5.5ms | Allocations: 7276)
Completed 200 OK in 6ms (Views: 5.8ms | ActiveRecord: 0.0ms | Allocations: 7549)


Started GET "/" for 127.0.0.1 at 2022-08-11 21:24:39 -0300
  [1m[35m (41.1ms)[0m  [1m[35mCREATE TABLE "schema_migrations" ("version" character varying NOT NULL PRIMARY KEY)[0m
  [1m[35m (17.6ms)[0m  [1m[35mCREATE TABLE "ar_internal_metadata" ("key" character varying NOT NULL PRIMARY KEY, "value" character varying, "created_at" timestamp(6) NOT NULL, "updated_at" timestamp(6) NOT NULL)[0m
  [1m[36mActiveRecord::SchemaMigration Pluck (0.5ms)[0m  [1m[34mSELECT "schema_migrations"."version" FROM "schema_migrations" ORDER BY "schema_migrations"."version" ASC[0m
  
ActiveRecord::PendingMigrationError (

Migrations are pending. To resolve this issue, run:

        bin/rails db:migrate RAILS_ENV=development

You have 1 pending migration:

20220812002201_create_contacts.rb


):
  
activerecord (7.0.3.1) lib/active_record/migration.rb:627:in `check_pending!'
activerecord (7.0.3.1) lib/active_record/migration.rb:592:in `block (2 levels) in call'
activesupport (7.0.3.1) lib/active_support/file_update_checker.rb:83:in `execute'
activerecord (7.0.3.1) lib/active_record/migration.rb:597:in `block in call'
activerecord (7.0.3.1) lib/active_record/migration.rb:589:in `synchronize'
activerecord (7.0.3.1) lib/active_record/migration.rb:589:in `call'
actionpack (7.0.3.1) lib/action_dispatch/middleware/callbacks.rb:27:in `block in call'
activesupport (7.0.3.1) lib/active_support/callbacks.rb:99:in `run_callbacks'
actionpack (7.0.3.1) lib/action_dispatch/middleware/callbacks.rb:26:in `call'
actionpack (7.0.3.1) lib/action_dispatch/middleware/executor.rb:14:in `call'
actionpack (7.0.3.1) lib/action_dispatch/middleware/actionable_exceptions.rb:17:in `call'
actionpack (7.0.3.1) lib/action_dispatch/middleware/debug_exceptions.rb:28:in `call'
web-console (4.2.0) lib/web_console/middleware.rb:132:in `call_app'
web-console (4.2.0) lib/web_console/middleware.rb:28:in `block in call'
web-console (4.2.0) lib/web_console/middleware.rb:17:in `catch'
web-console (4.2.0) lib/web_console/middleware.rb:17:in `call'
actionpack (7.0.3.1) lib/action_dispatch/middleware/show_exceptions.rb:26:in `call'
railties (7.0.3.1) lib/rails/rack/logger.rb:40:in `call_app'
railties (7.0.3.1) lib/rails/rack/logger.rb:25:in `block in call'
activesupport (7.0.3.1) lib/active_support/tagged_logging.rb:114:in `block in tagged'
activesupport (7.0.3.1) lib/active_support/tagged_logging.rb:38:in `tagged'
activesupport (7.0.3.1) lib/active_support/tagged_logging.rb:114:in `tagged'
railties (7.0.3.1) lib/rails/rack/logger.rb:25:in `call'
sprockets-rails (3.4.2) lib/sprockets/rails/quiet_assets.rb:13:in `call'
actionpack (7.0.3.1) lib/action_dispatch/middleware/remote_ip.rb:93:in `call'
actionpack (7.0.3.1) lib/action_dispatch/middleware/request_id.rb:26:in `call'
rack (2.2.4) lib/rack/method_override.rb:24:in `call'
rack (2.2.4) lib/rack/runtime.rb:22:in `call'
activesupport (7.0.3.1) lib/active_support/cache/strategy/local_cache_middleware.rb:29:in `call'
actionpack (7.0.3.1) lib/action_dispatch/middleware/server_timing.rb:20:in `call'
actionpack (7.0.3.1) lib/action_dispatch/middleware/executor.rb:14:in `call'
actionpack (7.0.3.1) lib/action_dispatch/middleware/static.rb:23:in `call'
rack (2.2.4) lib/rack/sendfile.rb:110:in `call'
actionpack (7.0.3.1) lib/action_dispatch/middleware/host_authorization.rb:137:in `call'
railties (7.0.3.1) lib/rails/engine.rb:530:in `call'
puma (5.6.4) lib/puma/configuration.rb:252:in `call'
puma (5.6.4) lib/puma/request.rb:77:in `block in handle_request'
puma (5.6.4) lib/puma/thread_pool.rb:340:in `with_force_shutdown'
puma (5.6.4) lib/puma/request.rb:76:in `handle_request'
puma (5.6.4) lib/puma/server.rb:441:in `process_client'
puma (5.6.4) lib/puma/thread_pool.rb:147:in `block in spawn_thread'
  [1m[35m (0.4ms)[0m  [1m[34mSELECT pg_try_advisory_lock(1255153608661143975)[0m
  [1m[36mActiveRecord::SchemaMigration Pluck (0.3ms)[0m  [1m[34mSELECT "schema_migrations"."version" FROM "schema_migrations" ORDER BY "schema_migrations"."version" ASC[0m
Migrating to CreateContacts (20220812002201)
  [1m[36mTRANSACTION (0.1ms)[0m  [1m[35mBEGIN[0m
  [1m[35m (23.7ms)[0m  [1m[35mCREATE TABLE "contacts" ("id" bigserial primary key, "name" character varying, "phone" character varying, "created_at" timestamp(6) NOT NULL, "updated_at" timestamp(6) NOT NULL)[0m
  [1m[36mActiveRecord::SchemaMigration Create (0.9ms)[0m  [1m[32mINSERT INTO "schema_migrations" ("version") VALUES ($1) RETURNING "version"[0m  [["version", "20220812002201"]]
  [1m[36mTRANSACTION (3.7ms)[0m  [1m[35mCOMMIT[0m
  [1m[36mActiveRecord::InternalMetadata Load (0.3ms)[0m  [1m[34mSELECT "ar_internal_metadata".* FROM "ar_internal_metadata" WHERE "ar_internal_metadata"."key" = $1 LIMIT $2[0m  [["key", "environment"], ["LIMIT", 1]]
  [1m[36mTRANSACTION (0.1ms)[0m  [1m[35mBEGIN[0m
  [1m[36mActiveRecord::InternalMetadata Create (0.5ms)[0m  [1m[32mINSERT INTO "ar_internal_metadata" ("key", "value", "created_at", "updated_at") VALUES ($1, $2, $3, $4) RETURNING "key"[0m  [["key", "environment"], ["value", "development"], ["created_at", "2022-08-12 00:25:10.563440"], ["updated_at", "2022-08-12 00:25:10.563440"]]
  [1m[36mTRANSACTION (5.3ms)[0m  [1m[35mCOMMIT[0m
  [1m[35m (0.3ms)[0m  [1m[34mSELECT pg_advisory_unlock(1255153608661143975)[0m
  [1m[36mActiveRecord::SchemaMigration Pluck (1.0ms)[0m  [1m[34mSELECT "schema_migrations"."version" FROM "schema_migrations" ORDER BY "schema_migrations"."version" ASC[0m
Started GET "/" for 127.0.0.1 at 2022-08-11 21:25:14 -0300
  [1m[36mActiveRecord::SchemaMigration Pluck (0.5ms)[0m  [1m[34mSELECT "schema_migrations"."version" FROM "schema_migrations" ORDER BY "schema_migrations"."version" ASC[0m
Processing by StaticPagesController#index as HTML
  Rendering layout layouts/application.html.erb
  Rendering static_pages/index.html.erb within layouts/application
  Rendered static_pages/index.html.erb within layouts/application (Duration: 0.7ms | Allocations: 490)
  Rendered layouts/_header.html.erb (Duration: 0.4ms | Allocations: 309)
  Rendered layouts/_footer.html.erb (Duration: 0.5ms | Allocations: 274)
  Rendered layout layouts/application.html.erb (Duration: 57.5ms | Allocations: 37685)
Completed 200 OK in 64ms (Views: 59.1ms | ActiveRecord: 0.0ms | Allocations: 41102)


Started GET "/" for 127.0.0.1 at 2022-08-11 21:25:16 -0300
Processing by StaticPagesController#index as HTML
  Rendering layout layouts/application.html.erb
  Rendering static_pages/index.html.erb within layouts/application
  Rendered static_pages/index.html.erb within layouts/application (Duration: 0.1ms | Allocations: 70)
  Rendered layouts/_header.html.erb (Duration: 0.1ms | Allocations: 85)
  Rendered layouts/_footer.html.erb (Duration: 0.1ms | Allocations: 95)
  Rendered layout layouts/application.html.erb (Duration: 6.3ms | Allocations: 7476)
Completed 200 OK in 7ms (Views: 6.8ms | ActiveRecord: 0.0ms | Allocations: 7811)


Started GET "/" for 127.0.0.1 at 2022-08-11 21:34:36 -0300
  [1m[36mActiveRecord::SchemaMigration Pluck (0.7ms)[0m  [1m[34mSELECT "schema_migrations"."version" FROM "schema_migrations" ORDER BY "schema_migrations"."version" ASC[0m
Processing by StaticPagesController#index as HTML
  Rendering layout layouts/application.html.erb
  Rendering static_pages/index.html.erb within layouts/application
  Rendered static_pages/index.html.erb within layouts/application (Duration: 0.6ms | Allocations: 490)
  Rendered layouts/_header.html.erb (Duration: 0.6ms | Allocations: 309)
  Rendered layouts/_footer.html.erb (Duration: 0.4ms | Allocations: 274)
  Rendered layout layouts/application.html.erb (Duration: 61.8ms | Allocations: 37886)
Completed 200 OK in 67ms (Views: 63.4ms | ActiveRecord: 0.0ms | Allocations: 41303)


Started GET "/contato" for 127.0.0.1 at 2022-08-11 21:34:38 -0300
Processing by StaticPagesController#contato as HTML
  Rendering layout layouts/application.html.erb
  Rendering static_pages/contato.html.erb within layouts/application
  Rendered static_pages/contato.html.erb within layouts/application (Duration: 0.5ms | Allocations: 145)
  Rendered layouts/_header.html.erb (Duration: 0.2ms | Allocations: 87)
  Rendered layouts/_footer.html.erb (Duration: 0.1ms | Allocations: 95)
  Rendered layout layouts/application.html.erb (Duration: 6.5ms | Allocations: 7581)
Completed 200 OK in 7ms (Views: 6.9ms | ActiveRecord: 0.0ms | Allocations: 7991)


Started GET "/sobre" for 127.0.0.1 at 2022-08-11 21:34:40 -0300
Processing by StaticPagesController#sobre as HTML
  Rendering layout layouts/application.html.erb
  Rendering static_pages/sobre.html.erb within layouts/application
  Rendered static_pages/sobre.html.erb within layouts/application (Duration: 0.4ms | Allocations: 123)
  Rendered layouts/_header.html.erb (Duration: 0.1ms | Allocations: 72)
  Rendered layouts/_footer.html.erb (Duration: 0.1ms | Allocations: 94)
  Rendered layout layouts/application.html.erb (Duration: 5.9ms | Allocations: 7357)
Completed 200 OK in 7ms (Views: 6.3ms | ActiveRecord: 0.0ms | Allocations: 7682)


Started GET "/" for 127.0.0.1 at 2022-08-11 21:34:41 -0300
Processing by StaticPagesController#index as HTML
  Rendering layout layouts/application.html.erb
  Rendering static_pages/index.html.erb within layouts/application
  Rendered static_pages/index.html.erb within layouts/application (Duration: 0.1ms | Allocations: 49)
  Rendered layouts/_header.html.erb (Duration: 0.1ms | Allocations: 72)
  Rendered layouts/_footer.html.erb (Duration: 0.1ms | Allocations: 94)
  Rendered layout layouts/application.html.erb (Duration: 5.8ms | Allocations: 7285)
Completed 200 OK in 6ms (Views: 6.1ms | ActiveRecord: 0.0ms | Allocations: 7558)


Started GET "/contacts" for 127.0.0.1 at 2022-08-11 21:35:46 -0300
  [1m[36mActiveRecord::SchemaMigration Pluck (0.3ms)[0m  [1m[34mSELECT "schema_migrations"."version" FROM "schema_migrations" ORDER BY "schema_migrations"."version" ASC[0m
Processing by ContactsController#index as HTML
  Rendering layout layouts/application.html.erb
  Rendering contacts/index.html.erb within layouts/application
  [1m[36mContact Load (0.5ms)[0m  [1m[34mSELECT "contacts".* FROM "contacts"[0m
  ↳ app/views/contacts/index.html.erb:6
  Rendered contacts/index.html.erb within layouts/application (Duration: 4.9ms | Allocations: 1824)
  Rendered layouts/_header.html.erb (Duration: 0.4ms | Allocations: 240)
  Rendered layouts/_footer.html.erb (Duration: 0.3ms | Allocations: 270)
  Rendered layout layouts/application.html.erb (Duration: 60.1ms | Allocations: 38503)
Completed 200 OK in 67ms (Views: 61.4ms | ActiveRecord: 0.5ms | Allocations: 42716)


Started GET "/contacts/new" for 127.0.0.1 at 2022-08-11 21:35:52 -0300
Processing by ContactsController#new as HTML
  Rendering layout layouts/application.html.erb
  Rendering contacts/new.html.erb within layouts/application
  Rendered contacts/_form.html.erb (Duration: 10.3ms | Allocations: 4626)
  Rendered contacts/new.html.erb within layouts/application (Duration: 11.1ms | Allocations: 4989)
  Rendered layouts/_header.html.erb (Duration: 0.1ms | Allocations: 66)
  Rendered layouts/_footer.html.erb (Duration: 0.1ms | Allocations: 94)
  Rendered layout layouts/application.html.erb (Duration: 16.5ms | Allocations: 12171)
Completed 200 OK in 25ms (Views: 16.9ms | ActiveRecord: 2.7ms | Allocations: 16138)


Started POST "/contacts" for 127.0.0.1 at 2022-08-11 21:36:04 -0300
Processing by ContactsController#create as HTML
  Parameters: {"authenticity_token"=>"[FILTERED]", "contact"=>{"name"=>"Alan", "phone"=>"21 9-8311-0498"}, "commit"=>"Create Contact"}
  [1m[36mTRANSACTION (0.2ms)[0m  [1m[35mBEGIN[0m
  ↳ app/controllers/contacts_controller.rb:27:in `block in create'
  [1m[36mContact Create (0.8ms)[0m  [1m[32mINSERT INTO "contacts" ("name", "phone", "created_at", "updated_at") VALUES ($1, $2, $3, $4) RETURNING "id"[0m  [["name", "Alan"], ["phone", "21 9-8311-0498"], ["created_at", "2022-08-12 00:36:04.457511"], ["updated_at", "2022-08-12 00:36:04.457511"]]
  ↳ app/controllers/contacts_controller.rb:27:in `block in create'
  [1m[36mTRANSACTION (6.1ms)[0m  [1m[35mCOMMIT[0m
  ↳ app/controllers/contacts_controller.rb:27:in `block in create'
Redirected to http://127.0.0.1:3000/contacts/1
Completed 302 Found in 14ms (ActiveRecord: 7.0ms | Allocations: 3841)


Started GET "/contacts/1" for 127.0.0.1 at 2022-08-11 21:36:04 -0300
Processing by ContactsController#show as HTML
  Parameters: {"id"=>"1"}
  [1m[36mContact Load (0.3ms)[0m  [1m[34mSELECT "contacts".* FROM "contacts" WHERE "contacts"."id" = $1 LIMIT $2[0m  [["id", 1], ["LIMIT", 1]]
  ↳ app/controllers/contacts_controller.rb:63:in `set_contact'
  Rendering layout layouts/application.html.erb
  Rendering contacts/show.html.erb within layouts/application
  Rendered contacts/_contact.html.erb (Duration: 0.7ms | Allocations: 244)
  Rendered contacts/show.html.erb within layouts/application (Duration: 4.3ms | Allocations: 1573)
  Rendered layouts/_header.html.erb (Duration: 0.1ms | Allocations: 66)
  Rendered layouts/_footer.html.erb (Duration: 0.1ms | Allocations: 94)
  Rendered layout layouts/application.html.erb (Duration: 11.5ms | Allocations: 8905)
Completed 200 OK in 16ms (Views: 11.9ms | ActiveRecord: 0.5ms | Allocations: 11721)


Started GET "/contacts" for 127.0.0.1 at 2022-08-11 21:36:11 -0300
Processing by ContactsController#index as HTML
  Rendering layout layouts/application.html.erb
  Rendering contacts/index.html.erb within layouts/application
  [1m[36mContact Load (0.2ms)[0m  [1m[34mSELECT "contacts".* FROM "contacts"[0m
  ↳ app/views/contacts/index.html.erb:6
  Rendered contacts/_contact.html.erb (Duration: 0.1ms | Allocations: 26)
  Rendered contacts/index.html.erb within layouts/application (Duration: 2.0ms | Allocations: 1085)
  Rendered layouts/_header.html.erb (Duration: 0.1ms | Allocations: 62)
  Rendered layouts/_footer.html.erb (Duration: 0.1ms | Allocations: 94)
  Rendered layout layouts/application.html.erb (Duration: 8.7ms | Allocations: 8128)
Completed 200 OK in 9ms (Views: 8.9ms | ActiveRecord: 0.2ms | Allocations: 8453)


Started GET "/contacts/new" for 127.0.0.1 at 2022-08-11 21:37:04 -0300
Processing by ContactsController#new as HTML
  Rendering layout layouts/application.html.erb
  Rendering contacts/new.html.erb within layouts/application
  Rendered contacts/_form.html.erb (Duration: 2.4ms | Allocations: 1072)
  Rendered contacts/new.html.erb within layouts/application (Duration: 2.7ms | Allocations: 1180)
  Rendered layouts/_header.html.erb (Duration: 0.2ms | Allocations: 62)
  Rendered layouts/_footer.html.erb (Duration: 0.4ms | Allocations: 94)
  Rendered layout layouts/application.html.erb (Duration: 12.9ms | Allocations: 8245)
Completed 200 OK in 14ms (Views: 13.5ms | ActiveRecord: 0.0ms | Allocations: 8549)


Started POST "/contacts" for 127.0.0.1 at 2022-08-11 21:37:37 -0300
Processing by ContactsController#create as HTML
  Parameters: {"authenticity_token"=>"[FILTERED]", "contact"=>{"name"=>"Ramalho", "phone"=>"21 9-6484-4381"}, "commit"=>"Create Contact"}
  [1m[36mTRANSACTION (0.1ms)[0m  [1m[35mBEGIN[0m
  ↳ app/controllers/contacts_controller.rb:27:in `block in create'
  [1m[36mContact Create (0.4ms)[0m  [1m[32mINSERT INTO "contacts" ("name", "phone", "created_at", "updated_at") VALUES ($1, $2, $3, $4) RETURNING "id"[0m  [["name", "Ramalho"], ["phone", "21 9-6484-4381"], ["created_at", "2022-08-12 00:37:37.409966"], ["updated_at", "2022-08-12 00:37:37.409966"]]
  ↳ app/controllers/contacts_controller.rb:27:in `block in create'
  [1m[36mTRANSACTION (3.8ms)[0m  [1m[35mCOMMIT[0m
  ↳ app/controllers/contacts_controller.rb:27:in `block in create'
Redirected to http://127.0.0.1:3000/contacts/2
Completed 302 Found in 10ms (ActiveRecord: 4.4ms | Allocations: 2390)


Started GET "/contacts/2" for 127.0.0.1 at 2022-08-11 21:37:37 -0300
Processing by ContactsController#show as HTML
  Parameters: {"id"=>"2"}
  [1m[36mContact Load (0.3ms)[0m  [1m[34mSELECT "contacts".* FROM "contacts" WHERE "contacts"."id" = $1 LIMIT $2[0m  [["id", 2], ["LIMIT", 1]]
  ↳ app/controllers/contacts_controller.rb:63:in `set_contact'
  Rendering layout layouts/application.html.erb
  Rendering contacts/show.html.erb within layouts/application
  Rendered contacts/_contact.html.erb (Duration: 0.2ms | Allocations: 26)
  Rendered contacts/show.html.erb within layouts/application (Duration: 2.1ms | Allocations: 607)
  Rendered layouts/_header.html.erb (Duration: 0.1ms | Allocations: 62)
  Rendered layouts/_footer.html.erb (Duration: 0.1ms | Allocations: 94)
  Rendered layout layouts/application.html.erb (Duration: 9.2ms | Allocations: 7744)
Completed 200 OK in 12ms (Views: 9.5ms | ActiveRecord: 0.3ms | Allocations: 8540)


Started GET "/contacts" for 127.0.0.1 at 2022-08-11 21:37:41 -0300
Processing by ContactsController#index as HTML
  Rendering layout layouts/application.html.erb
  Rendering contacts/index.html.erb within layouts/application
  [1m[36mContact Load (0.2ms)[0m  [1m[34mSELECT "contacts".* FROM "contacts"[0m
  ↳ app/views/contacts/index.html.erb:6
  Rendered contacts/_contact.html.erb (Duration: 0.1ms | Allocations: 26)
  Rendered contacts/_contact.html.erb (Duration: 0.0ms | Allocations: 25)
  Rendered contacts/index.html.erb within layouts/application (Duration: 2.1ms | Allocations: 1112)
  Rendered layouts/_header.html.erb (Duration: 0.1ms | Allocations: 62)
  Rendered layouts/_footer.html.erb (Duration: 0.2ms | Allocations: 94)
  Rendered layout layouts/application.html.erb (Duration: 8.9ms | Allocations: 8210)
Completed 200 OK in 10ms (Views: 9.2ms | ActiveRecord: 0.2ms | Allocations: 8488)


Started GET "/" for 127.0.0.1 at 2022-08-11 21:37:55 -0300
Processing by StaticPagesController#index as HTML
  Rendering layout layouts/application.html.erb
  Rendering static_pages/index.html.erb within layouts/application
  Rendered static_pages/index.html.erb within layouts/application (Duration: 0.7ms | Allocations: 247)
  Rendered layouts/_header.html.erb (Duration: 0.2ms | Allocations: 104)
  Rendered layouts/_footer.html.erb (Duration: 0.1ms | Allocations: 103)
  Rendered layout layouts/application.html.erb (Duration: 7.2ms | Allocations: 7783)
Completed 200 OK in 9ms (Views: 8.3ms | ActiveRecord: 0.0ms | Allocations: 8610)


  [1m[35m (0.1ms)[0m  [1m[34mSELECT pg_try_advisory_lock(1255153608661143975)[0m
  [1m[36mActiveRecord::SchemaMigration Pluck (0.3ms)[0m  [1m[34mSELECT "schema_migrations"."version" FROM "schema_migrations" ORDER BY "schema_migrations"."version" ASC[0m
Migrating to CreateUsers (20220812004229)
  [1m[36mTRANSACTION (0.1ms)[0m  [1m[35mBEGIN[0m
  [1m[35m (29.0ms)[0m  [1m[35mCREATE TABLE "users" ("id" bigserial primary key, "email" character varying DEFAULT '' NOT NULL, "nome" character varying DEFAULT '' NOT NULL, "password_digest" character varying DEFAULT '' NOT NULL, "created_at" timestamp(6) NOT NULL, "updated_at" timestamp(6) NOT NULL)[0m
  [1m[36mActiveRecord::SchemaMigration Create (0.3ms)[0m  [1m[32mINSERT INTO "schema_migrations" ("version") VALUES ($1) RETURNING "version"[0m  [["version", "20220812004229"]]
  [1m[36mTRANSACTION (4.1ms)[0m  [1m[35mCOMMIT[0m
  [1m[36mActiveRecord::InternalMetadata Load (0.2ms)[0m  [1m[34mSELECT "ar_internal_metadata".* FROM "ar_internal_metadata" WHERE "ar_internal_metadata"."key" = $1 LIMIT $2[0m  [["key", "environment"], ["LIMIT", 1]]
  [1m[35m (0.2ms)[0m  [1m[34mSELECT pg_advisory_unlock(1255153608661143975)[0m
  [1m[36mActiveRecord::SchemaMigration Pluck (0.3ms)[0m  [1m[34mSELECT "schema_migrations"."version" FROM "schema_migrations" ORDER BY "schema_migrations"."version" ASC[0m
